Determining if the pthread_create exist failed with the following output:
Change Dir: /home/dan/DijkstraNew/kpqueue/build/CMakeFiles/CMakeTmp

Run Build Command:/usr/bin/make "cmTryCompileExec2683395354/fast"
make[1]: Entering directory `/mnt/disk1/home/dan/DijkstraNew/kpqueue/build/CMakeFiles/CMakeTmp'
/usr/bin/make -f CMakeFiles/cmTryCompileExec2683395354.dir/build.make CMakeFiles/cmTryCompileExec2683395354.dir/build
make[2]: Entering directory `/mnt/disk1/home/dan/DijkstraNew/kpqueue/build/CMakeFiles/CMakeTmp'
/usr/bin/cmake -E cmake_progress_report /home/dan/DijkstraNew/kpqueue/build/CMakeFiles/CMakeTmp/CMakeFiles 1
Building C object CMakeFiles/cmTryCompileExec2683395354.dir/CheckSymbolExists.c.o
/usr/bin/cc    -o CMakeFiles/cmTryCompileExec2683395354.dir/CheckSymbolExists.c.o   -c /home/dan/DijkstraNew/kpqueue/build/CMakeFiles/CMakeTmp/CheckSymbolExists.c
Linking C executable cmTryCompileExec2683395354
/usr/bin/cmake -E cmake_link_script CMakeFiles/cmTryCompileExec2683395354.dir/link.txt --verbose=1
/usr/bin/cc       CMakeFiles/cmTryCompileExec2683395354.dir/CheckSymbolExists.c.o  -o cmTryCompileExec2683395354 -rdynamic 
CMakeFiles/cmTryCompileExec2683395354.dir/CheckSymbolExists.c.o: In function `main':
CheckSymbolExists.c:(.text+0x16): undefined reference to `pthread_create'
collect2: error: ld returned 1 exit status
make[2]: Leaving directory `/mnt/disk1/home/dan/DijkstraNew/kpqueue/build/CMakeFiles/CMakeTmp'
make[2]: *** [cmTryCompileExec2683395354] Error 1
make[1]: Leaving directory `/mnt/disk1/home/dan/DijkstraNew/kpqueue/build/CMakeFiles/CMakeTmp'
make[1]: *** [cmTryCompileExec2683395354/fast] Error 2

File /home/dan/DijkstraNew/kpqueue/build/CMakeFiles/CMakeTmp/CheckSymbolExists.c:
/* */
#include <pthread.h>

int main(int argc, char** argv)
{
  (void)argv;
#ifndef pthread_create
  return ((int*)(&pthread_create))[argc];
#else
  (void)argc;
  return 0;
#endif
}

Determining if the function pthread_create exists in the pthreads failed with the following output:
Change Dir: /home/dan/DijkstraNew/kpqueue/build/CMakeFiles/CMakeTmp

Run Build Command:/usr/bin/make "cmTryCompileExec124807130/fast"
make[1]: Entering directory `/mnt/disk1/home/dan/DijkstraNew/kpqueue/build/CMakeFiles/CMakeTmp'
/usr/bin/make -f CMakeFiles/cmTryCompileExec124807130.dir/build.make CMakeFiles/cmTryCompileExec124807130.dir/build
make[2]: Entering directory `/mnt/disk1/home/dan/DijkstraNew/kpqueue/build/CMakeFiles/CMakeTmp'
/usr/bin/cmake -E cmake_progress_report /home/dan/DijkstraNew/kpqueue/build/CMakeFiles/CMakeTmp/CMakeFiles 1
Building C object CMakeFiles/cmTryCompileExec124807130.dir/CheckFunctionExists.c.o
/usr/bin/cc   -DCHECK_FUNCTION_EXISTS=pthread_create   -o CMakeFiles/cmTryCompileExec124807130.dir/CheckFunctionExists.c.o   -c /usr/share/cmake-2.8/Modules/CheckFunctionExists.c
Linking C executable cmTryCompileExec124807130
/usr/bin/cmake -E cmake_link_script CMakeFiles/cmTryCompileExec124807130.dir/link.txt --verbose=1
/usr/bin/cc   -DCHECK_FUNCTION_EXISTS=pthread_create    CMakeFiles/cmTryCompileExec124807130.dir/CheckFunctionExists.c.o  -o cmTryCompileExec124807130 -rdynamic -lpthreads 
/usr/bin/ld: cannot find -lpthreads
collect2: error: ld returned 1 exit status
make[2]: Leaving directory `/mnt/disk1/home/dan/DijkstraNew/kpqueue/build/CMakeFiles/CMakeTmp'
make[2]: *** [cmTryCompileExec124807130] Error 1
make[1]: *** [cmTryCompileExec124807130/fast] Error 2
make[1]: Leaving directory `/mnt/disk1/home/dan/DijkstraNew/kpqueue/build/CMakeFiles/CMakeTmp'


